Flutter crash report; please file at https://github.com/flutter/flutter/issues.

## command

flutter run --machine --target lib\main.dart -d YGC6R18C12008754 --track-widget-creation --start-paused

## exception

SocketException: SocketException: Write failed (OS Error: The pipe is being closed.
, errno = 232), port = 0

```
null```

## flutter doctor

```
[✓] Flutter (Channel stable, v1.7.8+hotfix.4, on Microsoft Windows [Version 10.0.17134.885], locale en-US)
    • Flutter version 1.7.8+hotfix.4 at C:\flutter
    • Framework revision 20e59316b8 (9 weeks ago), 2019-07-18 20:04:33 -0700
    • Engine revision fee001c93f
    • Dart version 2.4.0

[✓] Android toolchain - develop for Android devices (Android SDK version 28.0.3)
    • Android SDK at C:\Users\user\AppData\Local\Android\sdk
    • Android NDK location not configured (optional; useful for native profiling support)
    • Platform android-28, build-tools 28.0.3
    • Java binary at: C:\Program Files\Android\Android Studio\jre\bin\java
    • Java version OpenJDK Runtime Environment (build 1.8.0_152-release-1136-b06)
    • All Android licenses accepted.

[✓] Android Studio (version 3.3)
    • Android Studio at C:\Program Files\Android\Android Studio
    • Flutter plugin version 33.1.1
    • Dart plugin version 182.5215
    • Java version OpenJDK Runtime Environment (build 1.8.0_152-release-1136-b06)

[✓] IntelliJ IDEA Community Edition (version 2018.3)
    • IntelliJ at C:\Program Files\JetBrains\IntelliJ IDEA Community Edition 2018.3
    • Flutter plugin version 32.0.2
    • Dart plugin version 183.4733

[✓] VS Code, 64-bit edition (version 1.38.1)
    • VS Code at C:\Program Files\Microsoft VS Code
    • Flutter extension version 3.4.1

[✓] Connected device (1 available)
    • DUB LX2 • YGC6R18C12008754 • android-arm64 • Android 8.1.0 (API 27)

• No issues found!
```
